<?xml version="1.0" encoding="UTF-8"?>
<coverage generated="1768250085744" clover="3.2.0">
  <project timestamp="1768250085745" name="All files">
    <metrics statements="8" coveredstatements="8" conditionals="2" coveredconditionals="2" methods="3" coveredmethods="3" elements="13" coveredelements="13" complexity="0" loc="8" ncloc="8" packages="1" files="1" classes="1"/>
    <file name="debounce.ts" path="/Users/mukhsin/Code/sandbox/maybank-04/src/utils/debounce.ts">
      <metrics statements="8" coveredstatements="8" conditionals="2" coveredconditionals="2" methods="3" coveredmethods="3"/>
      <line num="14" count="3" type="stmt"/>
      <line num="16" count="3" type="stmt"/>
      <line num="17" count="5" type="stmt"/>
      <line num="18" count="3" type="stmt"/>
      <line num="19" count="3" type="stmt"/>
      <line num="22" count="5" type="cond" truecount="2" falsecount="0"/>
      <line num="23" count="2" type="stmt"/>
      <line num="26" count="5" type="stmt"/>
    </file>
  </project>
</coverage>
