<?xml version="1.0" encoding="UTF-8"?>
<coverage generated="1768254857182" clover="3.2.0">
  <project timestamp="1768254857182" name="All files">
    <metrics statements="49" coveredstatements="48" conditionals="14" coveredconditionals="11" methods="21" coveredmethods="21" elements="84" coveredelements="80" complexity="0" loc="49" ncloc="49" packages="3" files="6" classes="6"/>
    <package name="store.slices">
      <metrics statements="23" coveredstatements="23" conditionals="0" coveredconditionals="0" methods="11" coveredmethods="11"/>
      <file name="index.ts" path="/Users/mukhsin/Code/sandbox/maybank-04/src/store/slices/index.ts">
        <metrics statements="0" coveredstatements="0" conditionals="0" coveredconditionals="0" methods="0" coveredmethods="0"/>
      </file>
      <file name="placesSlice.ts" path="/Users/mukhsin/Code/sandbox/maybank-04/src/store/slices/placesSlice.ts">
        <metrics statements="23" coveredstatements="23" conditionals="0" coveredconditionals="0" methods="11" coveredmethods="11"/>
        <line num="14" count="2" type="stmt"/>
        <line num="23" count="2" type="stmt"/>
        <line num="28" count="1" type="stmt"/>
        <line num="31" count="1" type="stmt"/>
        <line num="34" count="1" type="stmt"/>
        <line num="37" count="1" type="stmt"/>
        <line num="41" count="2" type="stmt"/>
        <line num="43" count="9" type="stmt"/>
        <line num="44" count="9" type="stmt"/>
        <line num="47" count="9" type="stmt"/>
        <line num="48" count="9" type="stmt"/>
        <line num="51" count="1" type="stmt"/>
        <line num="52" count="1" type="stmt"/>
        <line num="53" count="1" type="stmt"/>
        <line num="56" count="2" type="stmt"/>
        <line num="58" count="3" type="stmt"/>
        <line num="59" count="3" type="stmt"/>
        <line num="62" count="2" type="stmt"/>
        <line num="63" count="2" type="stmt"/>
        <line num="66" count="2" type="stmt"/>
        <line num="67" count="2" type="stmt"/>
        <line num="77" count="2" type="stmt"/>
        <line num="78" count="2" type="stmt"/>
      </file>
    </package>
    <package name="store.thunks">
      <metrics statements="17" coveredstatements="16" conditionals="12" coveredconditionals="9" methods="7" coveredmethods="7"/>
      <file name="index.ts" path="/Users/mukhsin/Code/sandbox/maybank-04/src/store/thunks/index.ts">
        <metrics statements="0" coveredstatements="0" conditionals="0" coveredconditionals="0" methods="0" coveredmethods="0"/>
      </file>
      <file name="placesThunk.ts" path="/Users/mukhsin/Code/sandbox/maybank-04/src/store/thunks/placesThunk.ts">
        <metrics statements="17" coveredstatements="16" conditionals="12" coveredconditionals="9" methods="7" coveredmethods="7"/>
        <line num="4" count="2" type="stmt"/>
        <line num="7" count="8" type="stmt"/>
        <line num="8" count="8" type="stmt"/>
        <line num="10" count="8" type="cond" truecount="4" falsecount="0"/>
        <line num="11" count="1" type="stmt"/>
        <line num="14" count="7" type="stmt"/>
        <line num="16" count="70" type="cond" truecount="2" falsecount="0"/>
        <line num="20" count="16" type="stmt"/>
        <line num="29" count="0" type="stmt"/>
        <line num="38" count="2" type="stmt"/>
        <line num="41" count="2" type="stmt"/>
        <line num="42" count="2" type="stmt"/>
        <line num="44" count="11" type="stmt"/>
        <line num="46" count="2" type="cond" truecount="2" falsecount="0"/>
        <line num="47" count="1" type="stmt"/>
        <line num="50" count="1" type="stmt"/>
        <line num="52" count="1" type="stmt"/>
      </file>
    </package>
    <package name="utils">
      <metrics statements="9" coveredstatements="9" conditionals="2" coveredconditionals="2" methods="3" coveredmethods="3"/>
      <file name="constants.ts" path="/Users/mukhsin/Code/sandbox/maybank-04/src/utils/constants.ts">
        <metrics statements="1" coveredstatements="1" conditionals="0" coveredconditionals="0" methods="0" coveredmethods="0"/>
        <line num="7" count="2" type="stmt"/>
      </file>
      <file name="debounce.ts" path="/Users/mukhsin/Code/sandbox/maybank-04/src/utils/debounce.ts">
        <metrics statements="8" coveredstatements="8" conditionals="2" coveredconditionals="2" methods="3" coveredmethods="3"/>
        <line num="14" count="3" type="stmt"/>
        <line num="16" count="3" type="stmt"/>
        <line num="17" count="5" type="stmt"/>
        <line num="18" count="3" type="stmt"/>
        <line num="19" count="3" type="stmt"/>
        <line num="22" count="5" type="cond" truecount="2" falsecount="0"/>
        <line num="23" count="2" type="stmt"/>
        <line num="26" count="5" type="stmt"/>
      </file>
    </package>
  </project>
</coverage>
