{"/Users/mukhsin/Code/sandbox/maybank-04/src/utils/debounce.ts": {"path":"/Users/mukhsin/Code/sandbox/maybank-04/src/utils/debounce.ts","statementMap":{"0":{"start":{"line":14,"column":54},"end":{"line":14,"column":null}},"1":{"start":{"line":16,"column":2},"end":{"line":27,"column":null}},"2":{"start":{"line":17,"column":18},"end":{"line":20,"column":null}},"3":{"start":{"line":18,"column":6},"end":{"line":18,"column":null}},"4":{"start":{"line":19,"column":6},"end":{"line":19,"column":null}},"5":{"start":{"line":22,"column":4},"end":{"line":24,"column":null}},"6":{"start":{"line":23,"column":6},"end":{"line":23,"column":null}},"7":{"start":{"line":26,"column":4},"end":{"line":26,"column":null}}},"fnMap":{"0":{"name":"debounce","decl":{"start":{"line":10,"column":16},"end":{"line":10,"column":null}},"loc":{"start":{"line":13,"column":36},"end":{"line":28,"column":null}},"line":13},"1":{"name":"executedFunction","decl":{"start":{"line":16,"column":18},"end":{"line":16,"column":38}},"loc":{"start":{"line":16,"column":59},"end":{"line":27,"column":null}},"line":16},"2":{"name":"(anonymous_2)","decl":{"start":{"line":17,"column":18},"end":{"line":17,"column":24}},"loc":{"start":{"line":17,"column":24},"end":{"line":20,"column":null}},"line":17}},"branchMap":{"0":{"loc":{"start":{"line":22,"column":4},"end":{"line":24,"column":null}},"type":"if","locations":[{"start":{"line":22,"column":4},"end":{"line":24,"column":null}},{"start":{},"end":{}}],"line":22}},"s":{"0":3,"1":3,"2":5,"3":3,"4":3,"5":5,"6":2,"7":5},"f":{"0":3,"1":5,"2":3},"b":{"0":[2,3]},"meta":{"lastBranch":1,"lastFunction":3,"lastStatement":8,"seen":{"f:10:16:10:Infinity":0,"s:14:54:14:Infinity":0,"s:16:2:27:Infinity":1,"f:16:18:16:38":1,"s:17:18:20:Infinity":2,"f:17:18:17:24":2,"s:18:6:18:Infinity":3,"s:19:6:19:Infinity":4,"b:22:4:24:Infinity:undefined:undefined:undefined:undefined":0,"s:22:4:24:Infinity":5,"s:23:6:23:Infinity":6,"s:26:4:26:Infinity":7}}}
}
