{"/Users/mukhsin/Code/sandbox/maybank-04/src/store/slices/index.ts": {"path":"/Users/mukhsin/Code/sandbox/maybank-04/src/store/slices/index.ts","statementMap":{},"fnMap":{},"branchMap":{},"s":{},"f":{},"b":{},"meta":{"lastBranch":0,"lastFunction":0,"lastStatement":0,"seen":{}}}
,"/Users/mukhsin/Code/sandbox/maybank-04/src/store/slices/placesSlice.ts": {"path":"/Users/mukhsin/Code/sandbox/maybank-04/src/store/slices/placesSlice.ts","statementMap":{"0":{"start":{"line":14,"column":34},"end":{"line":21,"column":null}},"1":{"start":{"line":23,"column":6},"end":{"line":70,"column":null}},"2":{"start":{"line":28,"column":6},"end":{"line":28,"column":null}},"3":{"start":{"line":31,"column":6},"end":{"line":31,"column":null}},"4":{"start":{"line":34,"column":6},"end":{"line":34,"column":null}},"5":{"start":{"line":37,"column":6},"end":{"line":37,"column":null}},"6":{"start":{"line":41,"column":4},"end":{"line":54,"column":null}},"7":{"start":{"line":43,"column":8},"end":{"line":43,"column":null}},"8":{"start":{"line":44,"column":8},"end":{"line":44,"column":null}},"9":{"start":{"line":47,"column":8},"end":{"line":47,"column":null}},"10":{"start":{"line":48,"column":8},"end":{"line":48,"column":null}},"11":{"start":{"line":51,"column":8},"end":{"line":51,"column":null}},"12":{"start":{"line":52,"column":8},"end":{"line":52,"column":null}},"13":{"start":{"line":53,"column":8},"end":{"line":53,"column":null}},"14":{"start":{"line":56,"column":4},"end":{"line":68,"column":null}},"15":{"start":{"line":58,"column":8},"end":{"line":58,"column":null}},"16":{"start":{"line":59,"column":8},"end":{"line":59,"column":null}},"17":{"start":{"line":62,"column":8},"end":{"line":62,"column":null}},"18":{"start":{"line":63,"column":8},"end":{"line":63,"column":null}},"19":{"start":{"line":66,"column":8},"end":{"line":66,"column":null}},"20":{"start":{"line":67,"column":8},"end":{"line":67,"column":null}},"21":{"start":{"line":77,"column":4},"end":{"line":77,"column":null}},"22":{"start":{"line":78,"column":34},"end":{"line":78,"column":null}}},"fnMap":{"0":{"name":"(anonymous_0)","decl":{"start":{"line":27,"column":20},"end":{"line":27,"column":21}},"loc":{"start":{"line":27,"column":62},"end":{"line":29,"column":null}},"line":27},"1":{"name":"(anonymous_1)","decl":{"start":{"line":30,"column":22},"end":{"line":30,"column":23}},"loc":{"start":{"line":30,"column":70},"end":{"line":32,"column":null}},"line":30},"2":{"name":"(anonymous_2)","decl":{"start":{"line":33,"column":16},"end":{"line":33,"column":17}},"loc":{"start":{"line":33,"column":27},"end":{"line":35,"column":null}},"line":33},"3":{"name":"(anonymous_3)","decl":{"start":{"line":36,"column":22},"end":{"line":36,"column":23}},"loc":{"start":{"line":36,"column":33},"end":{"line":38,"column":null}},"line":36},"4":{"name":"(anonymous_4)","decl":{"start":{"line":40,"column":17},"end":{"line":40,"column":18}},"loc":{"start":{"line":40,"column":30},"end":{"line":69,"column":null}},"line":40},"5":{"name":"(anonymous_5)","decl":{"start":{"line":42,"column":47},"end":{"line":42,"column":48}},"loc":{"start":{"line":42,"column":58},"end":{"line":45,"column":7}},"line":42},"6":{"name":"(anonymous_6)","decl":{"start":{"line":46,"column":49},"end":{"line":46,"column":50}},"loc":{"start":{"line":46,"column":68},"end":{"line":49,"column":7}},"line":46},"7":{"name":"(anonymous_7)","decl":{"start":{"line":50,"column":48},"end":{"line":50,"column":49}},"loc":{"start":{"line":50,"column":67},"end":{"line":54,"column":7}},"line":50},"8":{"name":"(anonymous_8)","decl":{"start":{"line":57,"column":47},"end":{"line":57,"column":48}},"loc":{"start":{"line":57,"column":58},"end":{"line":60,"column":7}},"line":57},"9":{"name":"(anonymous_9)","decl":{"start":{"line":61,"column":49},"end":{"line":61,"column":50}},"loc":{"start":{"line":61,"column":68},"end":{"line":64,"column":7}},"line":61},"10":{"name":"(anonymous_10)","decl":{"start":{"line":65,"column":48},"end":{"line":65,"column":49}},"loc":{"start":{"line":65,"column":67},"end":{"line":68,"column":7}},"line":65}},"branchMap":{},"s":{"0":2,"1":2,"2":1,"3":1,"4":1,"5":1,"6":2,"7":9,"8":9,"9":9,"10":9,"11":1,"12":1,"13":1,"14":2,"15":3,"16":3,"17":2,"18":2,"19":2,"20":2,"21":2,"22":2},"f":{"0":1,"1":1,"2":1,"3":1,"4":2,"5":9,"6":9,"7":1,"8":3,"9":2,"10":2},"b":{},"meta":{"lastBranch":0,"lastFunction":11,"lastStatement":23,"seen":{"s:14:34:21:Infinity":0,"s:23:6:70:Infinity":1,"f:27:20:27:21":0,"s:28:6:28:Infinity":2,"f:30:22:30:23":1,"s:31:6:31:Infinity":3,"f:33:16:33:17":2,"s:34:6:34:Infinity":4,"f:36:22:36:23":3,"s:37:6:37:Infinity":5,"f:40:17:40:18":4,"s:41:4:54:Infinity":6,"f:42:47:42:48":5,"s:43:8:43:Infinity":7,"s:44:8:44:Infinity":8,"f:46:49:46:50":6,"s:47:8:47:Infinity":9,"s:48:8:48:Infinity":10,"f:50:48:50:49":7,"s:51:8:51:Infinity":11,"s:52:8:52:Infinity":12,"s:53:8:53:Infinity":13,"s:56:4:68:Infinity":14,"f:57:47:57:48":8,"s:58:8:58:Infinity":15,"s:59:8:59:Infinity":16,"f:61:49:61:50":9,"s:62:8:62:Infinity":17,"s:63:8:63:Infinity":18,"f:65:48:65:49":10,"s:66:8:66:Infinity":19,"s:67:8:67:Infinity":20,"s:77:4:77:Infinity":21,"s:78:34:78:Infinity":22}}}
,"/Users/mukhsin/Code/sandbox/maybank-04/src/store/thunks/index.ts": {"path":"/Users/mukhsin/Code/sandbox/maybank-04/src/store/thunks/index.ts","statementMap":{},"fnMap":{},"branchMap":{},"s":{},"f":{},"b":{},"meta":{"lastBranch":0,"lastFunction":0,"lastStatement":0,"seen":{}}}
,"/Users/mukhsin/Code/sandbox/maybank-04/src/store/thunks/placesThunk.ts": {"path":"/Users/mukhsin/Code/sandbox/maybank-04/src/store/thunks/placesThunk.ts","statementMap":{"0":{"start":{"line":4,"column":13},"end":{"line":36,"column":null}},"1":{"start":{"line":7,"column":4},"end":{"line":34,"column":null}},"2":{"start":{"line":8,"column":6},"end":{"line":8,"column":null}},"3":{"start":{"line":8,"column":37},"end":{"line":8,"column":61}},"4":{"start":{"line":10,"column":6},"end":{"line":12,"column":null}},"5":{"start":{"line":11,"column":8},"end":{"line":11,"column":null}},"6":{"start":{"line":14,"column":23},"end":{"line":18,"column":null}},"7":{"start":{"line":16,"column":10},"end":{"line":17,"column":null}},"8":{"start":{"line":20,"column":6},"end":{"line":27,"column":null}},"9":{"start":{"line":20,"column":38},"end":{"line":27,"column":8}},"10":{"start":{"line":29,"column":6},"end":{"line":33,"column":null}},"11":{"start":{"line":38,"column":13},"end":{"line":59,"column":null}},"12":{"start":{"line":41,"column":4},"end":{"line":57,"column":null}},"13":{"start":{"line":42,"column":6},"end":{"line":42,"column":null}},"14":{"start":{"line":42,"column":37},"end":{"line":42,"column":61}},"15":{"start":{"line":44,"column":24},"end":{"line":44,"column":null}},"16":{"start":{"line":44,"column":48},"end":{"line":44,"column":70}},"17":{"start":{"line":46,"column":6},"end":{"line":48,"column":null}},"18":{"start":{"line":47,"column":8},"end":{"line":47,"column":null}},"19":{"start":{"line":50,"column":6},"end":{"line":50,"column":null}},"20":{"start":{"line":52,"column":6},"end":{"line":56,"column":null}}},"fnMap":{"0":{"name":"(anonymous_0)","decl":{"start":{"line":6,"column":2},"end":{"line":6,"column":9}},"loc":{"start":{"line":6,"column":48},"end":{"line":35,"column":null}},"line":6},"1":{"name":"(anonymous_1)","decl":{"start":{"line":8,"column":24},"end":{"line":8,"column":25}},"loc":{"start":{"line":8,"column":37},"end":{"line":8,"column":61}},"line":8},"2":{"name":"(anonymous_2)","decl":{"start":{"line":15,"column":8},"end":{"line":15,"column":9}},"loc":{"start":{"line":16,"column":10},"end":{"line":17,"column":null}},"line":16},"3":{"name":"(anonymous_3)","decl":{"start":{"line":20,"column":26},"end":{"line":20,"column":27}},"loc":{"start":{"line":20,"column":38},"end":{"line":27,"column":8}},"line":20},"4":{"name":"(anonymous_4)","decl":{"start":{"line":40,"column":2},"end":{"line":40,"column":9}},"loc":{"start":{"line":40,"column":50},"end":{"line":58,"column":null}},"line":40},"5":{"name":"(anonymous_5)","decl":{"start":{"line":42,"column":24},"end":{"line":42,"column":25}},"loc":{"start":{"line":42,"column":37},"end":{"line":42,"column":61}},"line":42},"6":{"name":"(anonymous_6)","decl":{"start":{"line":44,"column":41},"end":{"line":44,"column":42}},"loc":{"start":{"line":44,"column":48},"end":{"line":44,"column":70}},"line":44}},"branchMap":{"0":{"loc":{"start":{"line":10,"column":6},"end":{"line":12,"column":null}},"type":"if","locations":[{"start":{"line":10,"column":6},"end":{"line":12,"column":null}},{"start":{},"end":{}}],"line":10},"1":{"loc":{"start":{"line":10,"column":10},"end":{"line":10,"column":45}},"type":"binary-expr","locations":[{"start":{"line":10,"column":10},"end":{"line":10,"column":20}},{"start":{"line":10,"column":20},"end":{"line":10,"column":45}}],"line":10},"2":{"loc":{"start":{"line":16,"column":10},"end":{"line":17,"column":null}},"type":"binary-expr","locations":[{"start":{"line":16,"column":10},"end":{"line":16,"column":null}},{"start":{"line":17,"column":10},"end":{"line":17,"column":null}}],"line":16},"3":{"loc":{"start":{"line":30,"column":8},"end":{"line":32,"column":null}},"type":"cond-expr","locations":[{"start":{"line":31,"column":12},"end":{"line":31,"column":null}},{"start":{"line":32,"column":12},"end":{"line":32,"column":null}}],"line":30},"4":{"loc":{"start":{"line":46,"column":6},"end":{"line":48,"column":null}},"type":"if","locations":[{"start":{"line":46,"column":6},"end":{"line":48,"column":null}},{"start":{},"end":{}}],"line":46},"5":{"loc":{"start":{"line":53,"column":8},"end":{"line":55,"column":null}},"type":"cond-expr","locations":[{"start":{"line":54,"column":12},"end":{"line":54,"column":null}},{"start":{"line":55,"column":12},"end":{"line":55,"column":null}}],"line":53}},"s":{"0":2,"1":8,"2":8,"3":8,"4":8,"5":1,"6":7,"7":70,"8":7,"9":16,"10":0,"11":2,"12":2,"13":2,"14":2,"15":2,"16":11,"17":2,"18":1,"19":1,"20":1},"f":{"0":8,"1":8,"2":70,"3":16,"4":2,"5":2,"6":11},"b":{"0":[1,7],"1":[8,7],"2":[70,62],"3":[0,0],"4":[1,1],"5":[1,0]},"meta":{"lastBranch":6,"lastFunction":7,"lastStatement":21,"seen":{"s:4:13:36:Infinity":0,"f:6:2:6:9":0,"s:7:4:34:Infinity":1,"s:8:6:8:Infinity":2,"f:8:24:8:25":1,"s:8:37:8:61":3,"b:10:6:12:Infinity:undefined:undefined:undefined:undefined":0,"s:10:6:12:Infinity":4,"b:10:10:10:20:10:20:10:45":1,"s:11:8:11:Infinity":5,"s:14:23:18:Infinity":6,"f:15:8:15:9":2,"s:16:10:17:Infinity":7,"b:16:10:16:Infinity:17:10:17:Infinity":2,"s:20:6:27:Infinity":8,"f:20:26:20:27":3,"s:20:38:27:8":9,"s:29:6:33:Infinity":10,"b:31:12:31:Infinity:32:12:32:Infinity":3,"s:38:13:59:Infinity":11,"f:40:2:40:9":4,"s:41:4:57:Infinity":12,"s:42:6:42:Infinity":13,"f:42:24:42:25":5,"s:42:37:42:61":14,"s:44:24:44:Infinity":15,"f:44:41:44:42":6,"s:44:48:44:70":16,"b:46:6:48:Infinity:undefined:undefined:undefined:undefined":4,"s:46:6:48:Infinity":17,"s:47:8:47:Infinity":18,"s:50:6:50:Infinity":19,"s:52:6:56:Infinity":20,"b:54:12:54:Infinity:55:12:55:Infinity":5}}}
,"/Users/mukhsin/Code/sandbox/maybank-04/src/utils/constants.ts": {"path":"/Users/mukhsin/Code/sandbox/maybank-04/src/utils/constants.ts","statementMap":{"0":{"start":{"line":7,"column":36},"end":{"line":99,"column":null}}},"fnMap":{},"branchMap":{},"s":{"0":2},"f":{},"b":{},"meta":{"lastBranch":0,"lastFunction":0,"lastStatement":1,"seen":{"s:7:36:99:Infinity":0}}}
,"/Users/mukhsin/Code/sandbox/maybank-04/src/utils/debounce.ts": {"path":"/Users/mukhsin/Code/sandbox/maybank-04/src/utils/debounce.ts","statementMap":{"0":{"start":{"line":14,"column":54},"end":{"line":14,"column":null}},"1":{"start":{"line":16,"column":2},"end":{"line":27,"column":null}},"2":{"start":{"line":17,"column":18},"end":{"line":20,"column":null}},"3":{"start":{"line":18,"column":6},"end":{"line":18,"column":null}},"4":{"start":{"line":19,"column":6},"end":{"line":19,"column":null}},"5":{"start":{"line":22,"column":4},"end":{"line":24,"column":null}},"6":{"start":{"line":23,"column":6},"end":{"line":23,"column":null}},"7":{"start":{"line":26,"column":4},"end":{"line":26,"column":null}}},"fnMap":{"0":{"name":"debounce","decl":{"start":{"line":10,"column":16},"end":{"line":10,"column":null}},"loc":{"start":{"line":13,"column":36},"end":{"line":28,"column":null}},"line":13},"1":{"name":"executedFunction","decl":{"start":{"line":16,"column":18},"end":{"line":16,"column":38}},"loc":{"start":{"line":16,"column":59},"end":{"line":27,"column":null}},"line":16},"2":{"name":"(anonymous_2)","decl":{"start":{"line":17,"column":18},"end":{"line":17,"column":24}},"loc":{"start":{"line":17,"column":24},"end":{"line":20,"column":null}},"line":17}},"branchMap":{"0":{"loc":{"start":{"line":22,"column":4},"end":{"line":24,"column":null}},"type":"if","locations":[{"start":{"line":22,"column":4},"end":{"line":24,"column":null}},{"start":{},"end":{}}],"line":22}},"s":{"0":3,"1":3,"2":5,"3":3,"4":3,"5":5,"6":2,"7":5},"f":{"0":3,"1":5,"2":3},"b":{"0":[2,3]},"meta":{"lastBranch":1,"lastFunction":3,"lastStatement":8,"seen":{"f:10:16:10:Infinity":0,"s:14:54:14:Infinity":0,"s:16:2:27:Infinity":1,"f:16:18:16:38":1,"s:17:18:20:Infinity":2,"f:17:18:17:24":2,"s:18:6:18:Infinity":3,"s:19:6:19:Infinity":4,"b:22:4:24:Infinity:undefined:undefined:undefined:undefined":0,"s:22:4:24:Infinity":5,"s:23:6:23:Infinity":6,"s:26:4:26:Infinity":7}}}
}
